2025/11/22 17:13:55 [notice] 1#1: using the "epoll" event method
2025/11/22 17:13:55 [notice] 1#1: nginx/1.29.3
2025/11/22 17:13:55 [notice] 1#1: built by gcc 14.2.0 (Alpine 14.2.0) 
2025/11/22 17:13:55 [notice] 1#1: OS: Linux 6.12.21-gentoo-x86_64
2025/11/22 17:13:55 [notice] 1#1: getrlimit(RLIMIT_NOFILE): 1048576:1048576
2025/11/22 17:13:55 [notice] 1#1: start worker processes
2025/11/22 17:13:55 [notice] 1#1: start worker process 20
2025/11/22 17:13:55 [notice] 1#1: start worker process 21
2025/11/22 17:13:55 [notice] 1#1: start worker process 22
2025/11/22 17:13:55 [notice] 1#1: start worker process 23
2025/11/22 19:59:30 [notice] 1#1: signal 3 (SIGQUIT) received, shutting down
2025/11/22 19:59:30 [notice] 20#20: gracefully shutting down
2025/11/22 19:59:30 [notice] 20#20: exiting
2025/11/22 19:59:30 [notice] 20#20: exit
2025/11/22 19:59:30 [notice] 21#21: gracefully shutting down
2025/11/22 19:59:30 [notice] 23#23: gracefully shutting down
2025/11/22 19:59:30 [notice] 22#22: gracefully shutting down
2025/11/22 19:59:30 [notice] 21#21: exiting
2025/11/22 19:59:30 [notice] 23#23: exiting
2025/11/22 19:59:30 [notice] 22#22: exiting
2025/11/22 19:59:30 [notice] 21#21: exit
2025/11/22 19:59:30 [notice] 23#23: exit
2025/11/22 19:59:30 [notice] 22#22: exit
2025/11/22 19:59:30 [notice] 1#1: signal 17 (SIGCHLD) received from 23
2025/11/22 19:59:30 [notice] 1#1: worker process 21 exited with code 0
2025/11/22 19:59:30 [notice] 1#1: worker process 22 exited with code 0
2025/11/22 19:59:30 [notice] 1#1: worker process 23 exited with code 0
2025/11/22 19:59:30 [notice] 1#1: signal 29 (SIGIO) received
2025/11/22 19:59:30 [notice] 1#1: signal 17 (SIGCHLD) received from 20
2025/11/22 19:59:30 [notice] 1#1: worker process 20 exited with code 0
2025/11/22 19:59:30 [notice] 1#1: exit
2025/11/22 20:00:21 [notice] 1#1: using the "epoll" event method
2025/11/22 20:00:21 [notice] 1#1: nginx/1.29.3
2025/11/22 20:00:21 [notice] 1#1: built by gcc 14.2.0 (Alpine 14.2.0) 
2025/11/22 20:00:21 [notice] 1#1: OS: Linux 6.12.21-gentoo-x86_64
2025/11/22 20:00:21 [notice] 1#1: getrlimit(RLIMIT_NOFILE): 1048576:1048576
2025/11/22 20:00:21 [notice] 1#1: start worker processes
2025/11/22 20:00:21 [notice] 1#1: start worker process 20
2025/11/22 20:00:21 [notice] 1#1: start worker process 21
2025/11/22 20:00:21 [notice] 1#1: start worker process 22
2025/11/22 20:00:21 [notice] 1#1: start worker process 23
